<?xml version="1.0" encoding="UTF-8"?>
<!-- Generated by org.testng.reporters.JUnitXMLReporter -->
<testsuite hostname="RUSPBNZ31308" ignored="0" name="Command line test" tests="5" failures="5" timestamp="19 апр 2017 10:14:49 GMT" time="0.011" errors="0">
  <testcase name="countHackableTest_empty" time="0.005" classname="ale.java_training.CountHackableTest">
    <failure type="java.lang.RuntimeException" message="Uncompilable source code - Erroneous tree type: &amp;lt;any&amp;gt;">
      <![CDATA[java.lang.RuntimeException: Uncompilable source code - Erroneous tree type: <any>
	at ale.java_training.CountHackableTest.countHackableTest_empty(CountHackableTest.java:28)
	at java.util.concurrent.Executors$RunnableAdapter.call(Executors.java:511)
	at java.util.concurrent.FutureTask.run(FutureTask.java:266)
	at java.util.concurrent.ThreadPoolExecutor.runWorker(ThreadPoolExecutor.java:1142)
	at java.util.concurrent.ThreadPoolExecutor$Worker.run(ThreadPoolExecutor.java:617)
	at java.lang.Thread.run(Thread.java:745)
... Removed 7 stack frames]]>
    </failure>
  </testcase> <!-- countHackableTest_empty -->
  <testcase name="countHackableTest_random" time="0.001" classname="ale.java_training.CountHackableTest">
    <failure type="java.lang.RuntimeException" message="Uncompilable source code - Erroneous tree type: &amp;lt;any&amp;gt;">
      <![CDATA[java.lang.RuntimeException: Uncompilable source code - Erroneous tree type: <any>
	at ale.java_training.CountHackableTest.countHackableTest_random(CountHackableTest.java:33)
	at java.util.concurrent.Executors$RunnableAdapter.call(Executors.java:511)
	at java.util.concurrent.FutureTask.run(FutureTask.java:266)
	at java.util.concurrent.ThreadPoolExecutor.runWorker(ThreadPoolExecutor.java:1142)
	at java.util.concurrent.ThreadPoolExecutor$Worker.run(ThreadPoolExecutor.java:617)
	at java.lang.Thread.run(Thread.java:745)
... Removed 7 stack frames]]>
    </failure>
  </testcase> <!-- countHackableTest_random -->
  <testcase name="countHackableTest_simple" time="0.001" classname="ale.java_training.CountHackableTest">
    <failure type="java.lang.RuntimeException" message="Uncompilable source code - Erroneous tree type: &amp;lt;any&amp;gt;">
      <![CDATA[java.lang.RuntimeException: Uncompilable source code - Erroneous tree type: <any>
	at ale.java_training.CountHackableTest.countHackableTest_simple(CountHackableTest.java:16)
	at java.util.concurrent.Executors$RunnableAdapter.call(Executors.java:511)
	at java.util.concurrent.FutureTask.run(FutureTask.java:266)
	at java.util.concurrent.ThreadPoolExecutor.runWorker(ThreadPoolExecutor.java:1142)
	at java.util.concurrent.ThreadPoolExecutor$Worker.run(ThreadPoolExecutor.java:617)
	at java.lang.Thread.run(Thread.java:745)
... Removed 7 stack frames]]>
    </failure>
  </testcase> <!-- countHackableTest_simple -->
  <testcase name="countHackableTest_single_false" time="0.0" classname="ale.java_training.CountHackableTest">
    <failure type="java.lang.RuntimeException" message="Uncompilable source code - Erroneous tree type: &amp;lt;any&amp;gt;">
      <![CDATA[java.lang.RuntimeException: Uncompilable source code - Erroneous tree type: <any>
	at ale.java_training.CountHackableTest.countHackableTest_single_false(CountHackableTest.java:24)
	at java.util.concurrent.Executors$RunnableAdapter.call(Executors.java:511)
	at java.util.concurrent.FutureTask.run(FutureTask.java:266)
	at java.util.concurrent.ThreadPoolExecutor.runWorker(ThreadPoolExecutor.java:1142)
	at java.util.concurrent.ThreadPoolExecutor$Worker.run(ThreadPoolExecutor.java:617)
	at java.lang.Thread.run(Thread.java:745)
... Removed 7 stack frames]]>
    </failure>
  </testcase> <!-- countHackableTest_single_false -->
  <testcase name="countHackableTest_single_true" time="0.001" classname="ale.java_training.CountHackableTest">
    <failure type="java.lang.RuntimeException" message="Uncompilable source code - Erroneous tree type: &amp;lt;any&amp;gt;">
      <![CDATA[java.lang.RuntimeException: Uncompilable source code - Erroneous tree type: <any>
	at ale.java_training.CountHackableTest.countHackableTest_single_true(CountHackableTest.java:20)
	at java.util.concurrent.Executors$RunnableAdapter.call(Executors.java:511)
	at java.util.concurrent.FutureTask.run(FutureTask.java:266)
	at java.util.concurrent.ThreadPoolExecutor.runWorker(ThreadPoolExecutor.java:1142)
	at java.util.concurrent.ThreadPoolExecutor$Worker.run(ThreadPoolExecutor.java:617)
	at java.lang.Thread.run(Thread.java:745)
... Removed 7 stack frames]]>
    </failure>
  </testcase> <!-- countHackableTest_single_true -->
</testsuite> <!-- Command line test -->
